-------------------------------------------------------------------------------
Test set: com.practica01.Practica01ApplicationTests
-------------------------------------------------------------------------------
Tests run: 1, Failures: 0, Errors: 1, Skipped: 0, Time elapsed: 0.13 s <<< FAILURE! - in com.practica01.Practica01ApplicationTests
com.practica01.Practica01ApplicationTests  Time elapsed: 0.129 s  <<< ERROR!
java.lang.IllegalStateException: Unable to find a @SpringBootConfiguration, you need to use @ContextConfiguration or @SpringBootTest(classes=...) with your test

